#Acceptor          DonorH        Donor   Frames         Frac      AvgDist       AvgAng
OMC_32@O2        G_37@H21      G_37@N2     3557       0.7113       2.6944     163.8253
OMC_32@N3         G_37@H1      G_37@N1     3456       0.6911       2.7910     163.3314
G_37@O6        OMC_32@H42    OMC_32@N4     3177       0.6353       2.8147     163.9531
A_38@O5'        G_37@HO'2     G_37@O2'      831       0.1662       2.8979     162.8047
G_37@N3          A_35@H62      A_35@N6      664       0.1328       2.9027     161.6839
PSU_39@O1P      G_37@HO'2     G_37@O2'      369       0.0738       2.8410     161.8346
PSU_39@O5'      G_37@HO'2     G_37@O2'      192       0.0384       2.9953     160.7111
A_38@O2P        G_37@HO'2     G_37@O2'      123       0.0246       2.8371     164.0873
G_37@O5'        A_36@HO'2     A_36@O2'      107       0.0214       2.9363     161.9182
A_35@N6          G_37@H22      G_37@N2       90       0.0180       3.0598     162.6620
G_37@O2'        PSU_39@H5    PSU_39@N5       88       0.0176       2.9365     158.6156
G_37@O1P        A_36@HO'2     A_36@O2'       81       0.0162       2.8286     159.7331
PSU_39@O2'       G_37@H22      G_37@N2       81       0.0162       2.9447     163.2560
A_35@N7          G_37@H22      G_37@N2       80       0.0160       2.8907     159.1810
G_37@O1P        A_35@HO'2     A_35@O2'       75       0.0150       2.8828     161.5808
A_38@O1P        G_37@HO'2     G_37@O2'       70       0.0140       2.7728     161.5526
G_37@O4'        A_35@HO'2     A_35@O2'       70       0.0140       2.9175     161.0457
G_37@O2'         A_35@H62      A_35@N6       59       0.0118       2.9771     159.7894
G_37@O4'        A_36@HO'2     A_36@O2'       53       0.0106       2.8894     161.1743
PSU_39@O4'      G_37@HO'2     G_37@O2'       41       0.0082       3.0182     158.7631
U_33@O2           G_37@H1      G_37@N1       30       0.0060       2.7949     159.7008
G_37@O2P        A_35@HO'2     A_35@O2'       29       0.0058       2.8581     164.1267
G_37@O6           U_33@H3      U_33@N3       26       0.0052       2.7579     160.5154
A_35@O2P        G_37@HO'2     G_37@O2'       24       0.0048       2.9229     160.6403
G_37@N2          A_35@H62      A_35@N6       24       0.0048       3.3410     158.1673
PSU_39@O3'       G_37@H22      G_37@N2       20       0.0040       3.0968     159.1543
G_37@O5'        A_35@HO'2     A_35@O2'       20       0.0040       3.1476     158.1932
5MC_40@O1P       G_37@H22      G_37@N2       20       0.0040       3.1535     160.1350
OMG_34@O6        G_37@H22      G_37@N2       19       0.0038       2.8693     162.5208
OMC_32@O2         G_37@H1      G_37@N1       18       0.0036       2.7354     160.9398
A_35@N1         G_37@HO'2     G_37@O2'       16       0.0032       2.7610     161.5630
G_37@N3         G_37@HO'2     G_37@O2'       13       0.0026       2.8682     162.0120
G_37@O2P        A_36@HO'2     A_36@O2'       13       0.0026       3.0517     158.0655
G_37@N2       PSU_39@HO'2   PSU_39@O2'       12       0.0024       3.0356     161.5462
5MC_40@O1P       G_37@H21      G_37@N2       12       0.0024       3.0584     162.4871
A_36@N3          G_37@H22      G_37@N2       10       0.0020       2.8925     161.9816
G_37@O2'         A_35@H61      A_35@N6       10       0.0020       3.0279     160.2639
A_38@O4'        G_37@HO'2     G_37@O2'        9       0.0018       2.9994     155.4531
OMC_32@N3        G_37@H21      G_37@N2        8       0.0016       2.9019     160.0868
A_36@N1          G_37@H22      G_37@N2        8       0.0016       2.9788     161.2318
5MC_40@O1P        G_37@H1      G_37@N1        8       0.0016       3.2022     158.1594
G_37@O3'         A_35@H61      A_35@N6        7       0.0014       3.0708     155.8250
PSU_39@O5'       G_37@H22      G_37@N2        6       0.0012       3.0891     165.0272
G_37@O6       PSU_39@HO'2   PSU_39@O2'        5       0.0010       2.9590     160.3696
G_37@O4'         A_35@H62      A_35@N6        5       0.0010       2.9624     162.0133
PSU_39@O2P      G_37@HO'2     G_37@O2'        5       0.0010       2.9650     160.9521
G_37@O6         U_33@HO'2     U_33@O2'        4       0.0008       2.7167     162.2425
PSU_39@O2'       G_37@H21      G_37@N2        4       0.0008       2.8743     159.2200
5MC_40@O2P        G_37@H1      G_37@N1        4       0.0008       3.1018     161.8625
5MC_40@O5'       G_37@H21      G_37@N2        4       0.0008       3.1157     159.5887
G_37@O3'         A_35@H62      A_35@N6        4       0.0008       3.2704     155.5155
G_37@O6          A_38@H61      A_38@N6        3       0.0006       2.8109     162.0154
OMG_34@O6       G_37@HO'2     G_37@O2'        3       0.0006       2.9065     156.0980
A_35@N1          G_37@H22      G_37@N2        3       0.0006       3.2548     157.3905
U_33@O2          G_37@H21      G_37@N2        2       0.0004       2.6876     158.4072
A_38@N3           G_37@H1      G_37@N1        2       0.0004       2.7778     153.0437
G_37@O6          A_36@H62      A_36@N6        2       0.0004       2.8140     154.7817
A_36@O2'        G_37@HO'2     G_37@O2'        2       0.0004       2.8444     164.0572
G_37@O6          A_31@H62      A_31@N6        2       0.0004       2.8524     161.6221
A_35@O2'        G_37@HO'2     G_37@O2'        2       0.0004       2.9333     166.4273
5MC_40@O5'        G_37@H1      G_37@N1        2       0.0004       2.9869     164.2716
A_38@N3          G_37@H21      G_37@N2        2       0.0004       3.1615     155.6701
G_37@O4'          U_33@H3      U_33@N3        2       0.0004       3.1699     155.9484
PSU_39@O2P       G_37@H22      G_37@N2        2       0.0004       3.2022     155.9950
G_37@N3          A_35@H61      A_35@N6        1       0.0002       2.7615     153.9266
G_37@N7          A_38@H62      A_38@N6        1       0.0002       2.7809     150.6428
U_33@O4           G_37@H1      G_37@N1        1       0.0002       2.8203     151.9713
OMG_34@N7       G_37@HO'2     G_37@O2'        1       0.0002       2.8292     150.7803
PSU_39@O3'       G_37@H21      G_37@N2        1       0.0002       2.8434     150.2923
G_37@O2'        A_35@HO'2     A_35@O2'        1       0.0002       2.8814     154.1650
G_37@N2        OMG_34@H21    OMG_34@N2        1       0.0002       2.8924     152.0746
PSU_39@O4'       G_37@H22      G_37@N2        1       0.0002       2.8960     156.4795
5MC_40@O3'       G_37@H21      G_37@N2        1       0.0002       3.0023     163.8984
G_37@N7       PSU_39@HO'2   PSU_39@O2'        1       0.0002       3.0034     159.9783
A_31@N1          G_37@H21      G_37@N2        1       0.0002       3.0423     154.0947
5MC_40@O4'       G_37@H21      G_37@N2        1       0.0002       3.0427     160.9566
PSU_39@O1P       G_37@H22      G_37@N2        1       0.0002       3.0556     170.3468
G_37@N3          A_36@H61      A_36@N6        1       0.0002       3.1214     150.0505
G_37@N3         PSU_39@H5    PSU_39@N5        1       0.0002       3.1253     154.0359
G_37@N3           U_33@H3      U_33@N3        1       0.0002       3.1574     160.5009
5MC_40@O3'        G_37@H1      G_37@N1        1       0.0002       3.2265     164.8462
A_31@N1           G_37@H1      G_37@N1        1       0.0002       3.2385     152.8026
G_37@N3       PSU_39@HO'2   PSU_39@O2'        1       0.0002       3.2550     150.7573
5MC_40@O2P       G_37@H21      G_37@N2        1       0.0002       3.2794     152.6439
PSU_39@O4         G_37@H1      G_37@N1        1       0.0002       3.2799     158.0418
G_37@N2          A_36@H62      A_36@N6        1       0.0002       3.3255     152.4237
G_37@N7          A_31@H62      A_31@N6        1       0.0002       3.3316     151.7054
G_37@O2'      PSU_39@HO'2   PSU_39@O2'        1       0.0002       3.4544     150.9581
A_38@O3'         G_37@H22      G_37@N2        1       0.0002       3.4600     151.7531
A_38@O3'        G_37@HO'2     G_37@O2'        1       0.0002       3.4639     165.0202
U_33@O4'         G_37@H22      G_37@N2        1       0.0002       3.4916     153.7184
