#Acceptor          DonorH        Donor   Frames         Frac      AvgDist       AvgAng
YYG_37@O20       A_36@H62      A_36@N6      495       0.1402       2.8139     161.4961
YYG_37@O1P      A_36@HO'2     A_36@O2'       85       0.0241       2.8205     160.7919
YYG_37@O6     YYG_37@H160   YYG_37@N16       77       0.0218       3.0319     160.8024
A_38@O5'      YYG_37@HO'2   YYG_37@O2'       72       0.0204       2.8790     156.0431
A_38@O1P      YYG_37@HO'2   YYG_37@O2'       47       0.0133       2.8242     158.9475
U_33@O4       YYG_37@H160   YYG_37@N16       43       0.0122       2.9500     161.0905
A_35@O2P      YYG_37@H160   YYG_37@N16       40       0.0113       3.0815     161.4456
U_33@O2       YYG_37@H160   YYG_37@N16       31       0.0088       2.9077     161.2381
OMC_32@O1P    YYG_37@H160   YYG_37@N16       27       0.0076       3.0227     162.3515
U_33@O1P      YYG_37@H160   YYG_37@N16       25       0.0071       3.1130     161.0042
YYG_37@O17       A_38@H62      A_38@N6       22       0.0062       2.8538     159.8300
YYG_37@O17        U_33@H3      U_33@N3       18       0.0051       2.7471     160.8294
YYG_37@O20       A_35@H61      A_35@N6       13       0.0037       2.9560     158.0602
YYG_37@O17       A_36@H61      A_36@N6       11       0.0031       2.8300     163.1677
YYG_37@O5'      A_36@HO'2     A_36@O2'       10       0.0028       3.0049     154.1857
U_33@O2'      YYG_37@H160   YYG_37@N16       10       0.0028       3.0361     158.7700
YYG_37@O4'      A_36@HO'2     A_36@O2'       10       0.0028       3.0633     160.0190
YYG_37@O6         U_33@H3      U_33@N3        9       0.0025       2.8988     161.3575
A_31@N6       YYG_37@H160   YYG_37@N16        7       0.0020       3.1843     170.4550
YYG_37@O20      U_33@HO'2     U_33@O2'        6       0.0017       2.6156     164.4593
YYG_37@O17       A_35@H61      A_35@N6        6       0.0017       2.9637     160.4125
YYG_37@O20       A_36@H61      A_36@N6        6       0.0017       3.0646     158.7653
A_31@N1       YYG_37@H160   YYG_37@N16        6       0.0017       3.1126     164.2320
YYG_37@O17       A_31@H61      A_31@N6        5       0.0014       2.8544     159.7669
YYG_37@O20       A_31@H62      A_31@N6        5       0.0014       3.0044     157.9725
YYG_37@O18       A_36@H61      A_36@N6        5       0.0014       3.3466     158.0234
OMG_34@O1P    YYG_37@H160   YYG_37@N16        3       0.0008       3.2378     168.8281
A_31@N3       YYG_37@H160   YYG_37@N16        3       0.0008       3.2599     164.7260
OMC_32@O3'    YYG_37@H160   YYG_37@N16        3       0.0008       3.3013     152.5302
YYG_37@N7         U_33@H3      U_33@N3        3       0.0008       3.3863     153.3723
YYG_37@O18       A_38@H62      A_38@N6        3       0.0008       3.4441     153.3025
YYG_37@O6       U_33@HO'2     U_33@O2'        2       0.0006       2.5790     163.1127
YYG_37@O17     OMC_32@H41    OMC_32@N4        2       0.0006       2.8246     168.2224
YYG_37@O20     OMC_32@H42    OMC_32@N4        2       0.0006       2.8607     151.1246
YYG_37@O17       A_35@H62      A_35@N6        2       0.0006       2.9687     152.1875
A_38@O4'      YYG_37@HO'2   YYG_37@O2'        2       0.0006       3.0486     162.9159
U_33@N3       YYG_37@H160   YYG_37@N16        2       0.0006       3.4007     160.0681
YYG_37@N16        U_33@H3      U_33@N3        2       0.0006       3.4104     161.9251
YYG_37@O20        U_33@H3      U_33@N3        1       0.0003       2.7138     152.0992
YYG_37@O20      OMG_34@H1    OMG_34@N1        1       0.0003       2.7413     160.0810
OMG_34@O6     YYG_37@H160   YYG_37@N16        1       0.0003       2.7788     160.3269
YYG_37@O6      OMC_32@H42    OMC_32@N4        1       0.0003       2.8973     162.6472
YYG_37@O21      A_31@HO'2     A_31@O2'        1       0.0003       2.9418     152.4813
U_33@O4'      YYG_37@H160   YYG_37@N16        1       0.0003       3.0236     156.5146
YYG_37@O17      A_38@HO'2     A_38@O2'        1       0.0003       3.0390     177.5282
YYG_37@O2P     OMC_32@H41    OMC_32@N4        1       0.0003       3.0481     168.9303
PSU_39@O2'    YYG_37@H160   YYG_37@N16        1       0.0003       3.0522     153.2659
U_33@O3'      YYG_37@H160   YYG_37@N16        1       0.0003       3.0738     163.5674
YYG_37@O21       A_36@H61      A_36@N6        1       0.0003       3.0932     153.0292
YYG_37@O21       A_36@H62      A_36@N6        1       0.0003       3.1169     164.2198
YYG_37@O18       A_35@H62      A_35@N6        1       0.0003       3.1513     151.1935
YYG_37@N1     YYG_37@H160   YYG_37@N16        1       0.0003       3.3066     171.8209
OMG_34@O5'    YYG_37@H160   YYG_37@N16        1       0.0003       3.3672     175.7296
U_33@N1       YYG_37@H160   YYG_37@N16        1       0.0003       3.4148     170.6291
A_35@N6       YYG_37@H160   YYG_37@N16        1       0.0003       3.4419     152.0560
A_36@N6       YYG_37@H160   YYG_37@N16        1       0.0003       3.4867     151.0018
